<?xml version="1.0" encoding="UTF-8"?>
<!-- Generated by org.testng.reporters.JUnitXMLReporter -->
<testsuite hostname="Shreyansh-PC" name="Test" tests="2" failures="1" timestamp="13 Dec 2017 17:03:51 GMT" time="200.557" errors="0">
  <testcase name="abc" time="14.958" classname="testing.A"/>
  <testcase name="abc" time="0.002" classname="testing.B">
    <failure type="java.lang.NullPointerException">
      <![CDATA[java.lang.NullPointerException
	at testing.B.abc(B.java:9)
... Removed 24 stack frames]]>
    </failure>
  </testcase> <!-- abc -->
</testsuite> <!-- Test -->
